<?xml version="1.0" encoding="UTF-8"?>
<testsuite xmlns:xsi="http://www.w3.org/2001/XMLSchema-instance" xsi:noNamespaceSchemaLocation="https://maven.apache.org/surefire/maven-surefire-plugin/xsd/surefire-test-report-3.0.xsd" version="3.0" name="TestSuite" time="53.991" tests="5" errors="0" skipped="0" failures="1">
  <properties>
    <property name="sun.desktop" value="windows"/>
    <property name="awt.toolkit" value="sun.awt.windows.WToolkit"/>
    <property name="file.encoding.pkg" value="sun.io"/>
    <property name="java.specification.version" value="1.8"/>
    <property name="sun.cpu.isalist" value="amd64"/>
    <property name="sun.jnu.encoding" value="Cp1252"/>
    <property name="java.class.path" value="C:\Workspace\BDD_Selenium_TestNG_Maven_CucumberReporting\target\test-classes;C:\Workspace\BDD_Selenium_TestNG_Maven_CucumberReporting\target\classes;C:\Users\Admin\.m2\repository\org\seleniumhq\selenium\selenium-java\3.141.59\selenium-java-3.141.59.jar;C:\Users\Admin\.m2\repository\org\seleniumhq\selenium\selenium-api\3.141.59\selenium-api-3.141.59.jar;C:\Users\Admin\.m2\repository\org\seleniumhq\selenium\selenium-chrome-driver\3.141.59\selenium-chrome-driver-3.141.59.jar;C:\Users\Admin\.m2\repository\org\seleniumhq\selenium\selenium-edge-driver\3.141.59\selenium-edge-driver-3.141.59.jar;C:\Users\Admin\.m2\repository\org\seleniumhq\selenium\selenium-firefox-driver\3.141.59\selenium-firefox-driver-3.141.59.jar;C:\Users\Admin\.m2\repository\org\seleniumhq\selenium\selenium-ie-driver\3.141.59\selenium-ie-driver-3.141.59.jar;C:\Users\Admin\.m2\repository\org\seleniumhq\selenium\selenium-opera-driver\3.141.59\selenium-opera-driver-3.141.59.jar;C:\Users\Admin\.m2\repository\org\seleniumhq\selenium\selenium-remote-driver\3.141.59\selenium-remote-driver-3.141.59.jar;C:\Users\Admin\.m2\repository\org\seleniumhq\selenium\selenium-safari-driver\3.141.59\selenium-safari-driver-3.141.59.jar;C:\Users\Admin\.m2\repository\org\seleniumhq\selenium\selenium-support\3.141.59\selenium-support-3.141.59.jar;C:\Users\Admin\.m2\repository\net\bytebuddy\byte-buddy\1.8.15\byte-buddy-1.8.15.jar;C:\Users\Admin\.m2\repository\org\apache\commons\commons-exec\1.3\commons-exec-1.3.jar;C:\Users\Admin\.m2\repository\com\google\guava\guava\25.0-jre\guava-25.0-jre.jar;C:\Users\Admin\.m2\repository\com\google\code\findbugs\jsr305\1.3.9\jsr305-1.3.9.jar;C:\Users\Admin\.m2\repository\org\checkerframework\checker-compat-qual\2.0.0\checker-compat-qual-2.0.0.jar;C:\Users\Admin\.m2\repository\com\google\errorprone\error_prone_annotations\2.1.3\error_prone_annotations-2.1.3.jar;C:\Users\Admin\.m2\repository\com\google\j2objc\j2objc-annotations\1.1\j2objc-annotations-1.1.jar;C:\Users\Admin\.m2\repository\org\codehaus\mojo\animal-sniffer-annotations\1.14\animal-sniffer-annotations-1.14.jar;C:\Users\Admin\.m2\repository\com\squareup\okhttp3\okhttp\3.11.0\okhttp-3.11.0.jar;C:\Users\Admin\.m2\repository\com\squareup\okio\okio\1.14.0\okio-1.14.0.jar;C:\Users\Admin\.m2\repository\com\sitture\cucumber-jvm-extentreport\3.1.2\cucumber-jvm-extentreport-3.1.2.jar;C:\Users\Admin\.m2\repository\io\cucumber\cucumber-junit\2.3.1\cucumber-junit-2.3.1.jar;C:\Users\Admin\.m2\repository\junit\junit\4.12\junit-4.12.jar;C:\Users\Admin\.m2\repository\org\hamcrest\hamcrest-core\1.3\hamcrest-core-1.3.jar;C:\Users\Admin\.m2\repository\org\apache\logging\log4j\log4j-core\2.13.3\log4j-core-2.13.3.jar;C:\Users\Admin\.m2\repository\org\apache\logging\log4j\log4j-api\2.13.3\log4j-api-2.13.3.jar;C:\Users\Admin\.m2\repository\javax\mail\javax.mail-api\1.6.2\javax.mail-api-1.6.2.jar;C:\Users\Admin\.m2\repository\org\apache\poi\poi\4.0.1\poi-4.0.1.jar;C:\Users\Admin\.m2\repository\commons-codec\commons-codec\1.11\commons-codec-1.11.jar;C:\Users\Admin\.m2\repository\org\apache\commons\commons-collections4\4.2\commons-collections4-4.2.jar;C:\Users\Admin\.m2\repository\org\apache\commons\commons-math3\3.6.1\commons-math3-3.6.1.jar;C:\Users\Admin\.m2\repository\org\apache\poi\poi-ooxml\4.0.1\poi-ooxml-4.0.1.jar;C:\Users\Admin\.m2\repository\org\apache\poi\poi-ooxml-schemas\4.0.1\poi-ooxml-schemas-4.0.1.jar;C:\Users\Admin\.m2\repository\org\apache\xmlbeans\xmlbeans\3.0.2\xmlbeans-3.0.2.jar;C:\Users\Admin\.m2\repository\org\apache\commons\commons-compress\1.18\commons-compress-1.18.jar;C:\Users\Admin\.m2\repository\com\github\virtuald\curvesapi\1.05\curvesapi-1.05.jar;C:\Users\Admin\.m2\repository\org\apache\poi\poi-scratchpad\4.0.1\poi-scratchpad-4.0.1.jar;C:\Users\Admin\.m2\repository\org\testng\testng\6.14.3\testng-6.14.3.jar;C:\Users\Admin\.m2\repository\org\apache-extras\beanshell\bsh\2.0b6\bsh-2.0b6.jar;C:\Users\Admin\.m2\repository\org\uncommons\reportng\1.1.4\reportng-1.1.4.jar;C:\Users\Admin\.m2\repository\velocity\velocity\1.4\velocity-1.4.jar;C:\Users\Admin\.m2\repository\velocity\velocity-dep\1.4\velocity-dep-1.4.jar;C:\Users\Admin\.m2\repository\commons-io\commons-io\2.7\commons-io-2.7.jar;C:\Users\Admin\.m2\repository\com\beust\jcommander\1.72\jcommander-1.72.jar;C:\Users\Admin\.m2\repository\io\cucumber\cucumber-java\4.2.2\cucumber-java-4.2.2.jar;C:\Users\Admin\.m2\repository\io\cucumber\cucumber-core\4.2.2\cucumber-core-4.2.2.jar;C:\Users\Admin\.m2\repository\io\cucumber\cucumber-html\0.2.7\cucumber-html-0.2.7.jar;C:\Users\Admin\.m2\repository\io\cucumber\tag-expressions\1.1.1\tag-expressions-1.1.1.jar;C:\Users\Admin\.m2\repository\io\cucumber\cucumber-expressions\6.2.0\cucumber-expressions-6.2.0.jar;C:\Users\Admin\.m2\repository\io\cucumber\datatable\1.1.12\datatable-1.1.12.jar;C:\Users\Admin\.m2\repository\io\cucumber\datatable-dependencies\1.1.12\datatable-dependencies-1.1.12.jar;C:\Users\Admin\.m2\repository\io\cucumber\gherkin\5.1.0\gherkin-5.1.0.jar;C:\Users\Admin\.m2\repository\io\cucumber\gherkin-jvm-deps\1.0.4\gherkin-jvm-deps-1.0.4.jar;C:\Users\Admin\.m2\repository\io\cucumber\cucumber-testng\4.2.2\cucumber-testng-4.2.2.jar;C:\Users\Admin\.m2\repository\io\cucumber\cucumber-picocontainer\4.2.2\cucumber-picocontainer-4.2.2.jar;C:\Users\Admin\.m2\repository\org\picocontainer\picocontainer\2.15\picocontainer-2.15.jar;C:\Users\Admin\.m2\repository\net\masterthought\cucumber-reporting\4.4.0\cucumber-reporting-4.4.0.jar;C:\Users\Admin\.m2\repository\com\fasterxml\jackson\core\jackson-databind\2.9.8\jackson-databind-2.9.8.jar;C:\Users\Admin\.m2\repository\com\fasterxml\jackson\core\jackson-annotations\2.9.0\jackson-annotations-2.9.0.jar;C:\Users\Admin\.m2\repository\com\fasterxml\jackson\core\jackson-core\2.9.8\jackson-core-2.9.8.jar;C:\Users\Admin\.m2\repository\org\apache\velocity\velocity\1.7\velocity-1.7.jar;C:\Users\Admin\.m2\repository\commons-collections\commons-collections\3.2.1\commons-collections-3.2.1.jar;C:\Users\Admin\.m2\repository\commons-lang\commons-lang\2.4\commons-lang-2.4.jar;C:\Users\Admin\.m2\repository\velocity-tools\velocity-tools\1.4\velocity-tools-1.4.jar;C:\Users\Admin\.m2\repository\joda-time\joda-time\2.10.1\joda-time-2.10.1.jar;C:\Users\Admin\.m2\repository\org\apache\commons\commons-lang3\3.8.1\commons-lang3-3.8.1.jar;C:\Users\Admin\.m2\repository\org\codehaus\plexus\plexus-utils\3.1.1\plexus-utils-3.1.1.jar;C:\Users\Admin\.m2\repository\org\jsoup\jsoup\1.11.3\jsoup-1.11.3.jar;C:\Users\Admin\.m2\repository\com\googlecode\owasp-java-html-sanitizer\owasp-java-html-sanitizer\20181114.1\owasp-java-html-sanitizer-20181114.1.jar;C:\Users\Admin\.m2\repository\commons-configuration\commons-configuration\1.10\commons-configuration-1.10.jar;C:\Users\Admin\.m2\repository\commons-logging\commons-logging\1.1.1\commons-logging-1.1.1.jar;C:\Users\Admin\.m2\repository\com\aventstack\extentreports\4.0.9\extentreports-4.0.9.jar;C:\Users\Admin\.m2\repository\org\freemarker\freemarker\2.3.23\freemarker-2.3.23.jar;C:\Users\Admin\.m2\repository\org\mongodb\mongodb-driver\3.3.0\mongodb-driver-3.3.0.jar;C:\Users\Admin\.m2\repository\org\mongodb\mongodb-driver-core\3.3.0\mongodb-driver-core-3.3.0.jar;C:\Users\Admin\.m2\repository\org\mongodb\bson\3.3.0\bson-3.3.0.jar;C:\Users\Admin\.m2\repository\org\apache\httpcomponents\httpclient\4.5.2\httpclient-4.5.2.jar;C:\Users\Admin\.m2\repository\org\apache\httpcomponents\httpcore\4.4.4\httpcore-4.4.4.jar;C:\Users\Admin\.m2\repository\org\apache\httpcomponents\httpmime\4.5.2\httpmime-4.5.2.jar;C:\Users\Admin\.m2\repository\com\google\code\gson\gson\2.8.5\gson-2.8.5.jar;C:\Users\Admin\.m2\repository\com\vimalselvam\cucumber-extentsreport\3.1.1\cucumber-extentsreport-3.1.1.jar;"/>
    <property name="java.vm.vendor" value="Oracle Corporation"/>
    <property name="sun.arch.data.model" value="64"/>
    <property name="user.variant" value=""/>
    <property name="java.vendor.url" value="http://java.oracle.com/"/>
    <property name="user.timezone" value="Asia/Calcutta"/>
    <property name="java.vm.specification.version" value="1.8"/>
    <property name="os.name" value="Windows 10"/>
    <property name="user.country" value="US"/>
    <property name="sun.java.launcher" value="SUN_STANDARD"/>
    <property name="sun.boot.library.path" value="C:\Program Files\Java\jdk1.8.0_261\jre\bin"/>
    <property name="sun.java.command" value="C:\Users\Admin\AppData\Local\Temp\surefire1731755025690865826\surefirebooter3839386827702919395.jar C:\Users\Admin\AppData\Local\Temp\surefire1731755025690865826 2021-07-06T13-05-50_973-jvmRun1 surefire747687976245077263tmp surefire_07278745919151511786tmp"/>
    <property name="surefire.test.class.path" value="C:\Workspace\BDD_Selenium_TestNG_Maven_CucumberReporting\target\test-classes;C:\Workspace\BDD_Selenium_TestNG_Maven_CucumberReporting\target\classes;C:\Users\Admin\.m2\repository\org\seleniumhq\selenium\selenium-java\3.141.59\selenium-java-3.141.59.jar;C:\Users\Admin\.m2\repository\org\seleniumhq\selenium\selenium-api\3.141.59\selenium-api-3.141.59.jar;C:\Users\Admin\.m2\repository\org\seleniumhq\selenium\selenium-chrome-driver\3.141.59\selenium-chrome-driver-3.141.59.jar;C:\Users\Admin\.m2\repository\org\seleniumhq\selenium\selenium-edge-driver\3.141.59\selenium-edge-driver-3.141.59.jar;C:\Users\Admin\.m2\repository\org\seleniumhq\selenium\selenium-firefox-driver\3.141.59\selenium-firefox-driver-3.141.59.jar;C:\Users\Admin\.m2\repository\org\seleniumhq\selenium\selenium-ie-driver\3.141.59\selenium-ie-driver-3.141.59.jar;C:\Users\Admin\.m2\repository\org\seleniumhq\selenium\selenium-opera-driver\3.141.59\selenium-opera-driver-3.141.59.jar;C:\Users\Admin\.m2\repository\org\seleniumhq\selenium\selenium-remote-driver\3.141.59\selenium-remote-driver-3.141.59.jar;C:\Users\Admin\.m2\repository\org\seleniumhq\selenium\selenium-safari-driver\3.141.59\selenium-safari-driver-3.141.59.jar;C:\Users\Admin\.m2\repository\org\seleniumhq\selenium\selenium-support\3.141.59\selenium-support-3.141.59.jar;C:\Users\Admin\.m2\repository\net\bytebuddy\byte-buddy\1.8.15\byte-buddy-1.8.15.jar;C:\Users\Admin\.m2\repository\org\apache\commons\commons-exec\1.3\commons-exec-1.3.jar;C:\Users\Admin\.m2\repository\com\google\guava\guava\25.0-jre\guava-25.0-jre.jar;C:\Users\Admin\.m2\repository\com\google\code\findbugs\jsr305\1.3.9\jsr305-1.3.9.jar;C:\Users\Admin\.m2\repository\org\checkerframework\checker-compat-qual\2.0.0\checker-compat-qual-2.0.0.jar;C:\Users\Admin\.m2\repository\com\google\errorprone\error_prone_annotations\2.1.3\error_prone_annotations-2.1.3.jar;C:\Users\Admin\.m2\repository\com\google\j2objc\j2objc-annotations\1.1\j2objc-annotations-1.1.jar;C:\Users\Admin\.m2\repository\org\codehaus\mojo\animal-sniffer-annotations\1.14\animal-sniffer-annotations-1.14.jar;C:\Users\Admin\.m2\repository\com\squareup\okhttp3\okhttp\3.11.0\okhttp-3.11.0.jar;C:\Users\Admin\.m2\repository\com\squareup\okio\okio\1.14.0\okio-1.14.0.jar;C:\Users\Admin\.m2\repository\com\sitture\cucumber-jvm-extentreport\3.1.2\cucumber-jvm-extentreport-3.1.2.jar;C:\Users\Admin\.m2\repository\io\cucumber\cucumber-junit\2.3.1\cucumber-junit-2.3.1.jar;C:\Users\Admin\.m2\repository\junit\junit\4.12\junit-4.12.jar;C:\Users\Admin\.m2\repository\org\hamcrest\hamcrest-core\1.3\hamcrest-core-1.3.jar;C:\Users\Admin\.m2\repository\org\apache\logging\log4j\log4j-core\2.13.3\log4j-core-2.13.3.jar;C:\Users\Admin\.m2\repository\org\apache\logging\log4j\log4j-api\2.13.3\log4j-api-2.13.3.jar;C:\Users\Admin\.m2\repository\javax\mail\javax.mail-api\1.6.2\javax.mail-api-1.6.2.jar;C:\Users\Admin\.m2\repository\org\apache\poi\poi\4.0.1\poi-4.0.1.jar;C:\Users\Admin\.m2\repository\commons-codec\commons-codec\1.11\commons-codec-1.11.jar;C:\Users\Admin\.m2\repository\org\apache\commons\commons-collections4\4.2\commons-collections4-4.2.jar;C:\Users\Admin\.m2\repository\org\apache\commons\commons-math3\3.6.1\commons-math3-3.6.1.jar;C:\Users\Admin\.m2\repository\org\apache\poi\poi-ooxml\4.0.1\poi-ooxml-4.0.1.jar;C:\Users\Admin\.m2\repository\org\apache\poi\poi-ooxml-schemas\4.0.1\poi-ooxml-schemas-4.0.1.jar;C:\Users\Admin\.m2\repository\org\apache\xmlbeans\xmlbeans\3.0.2\xmlbeans-3.0.2.jar;C:\Users\Admin\.m2\repository\org\apache\commons\commons-compress\1.18\commons-compress-1.18.jar;C:\Users\Admin\.m2\repository\com\github\virtuald\curvesapi\1.05\curvesapi-1.05.jar;C:\Users\Admin\.m2\repository\org\apache\poi\poi-scratchpad\4.0.1\poi-scratchpad-4.0.1.jar;C:\Users\Admin\.m2\repository\org\testng\testng\6.14.3\testng-6.14.3.jar;C:\Users\Admin\.m2\repository\org\apache-extras\beanshell\bsh\2.0b6\bsh-2.0b6.jar;C:\Users\Admin\.m2\repository\org\uncommons\reportng\1.1.4\reportng-1.1.4.jar;C:\Users\Admin\.m2\repository\velocity\velocity\1.4\velocity-1.4.jar;C:\Users\Admin\.m2\repository\velocity\velocity-dep\1.4\velocity-dep-1.4.jar;C:\Users\Admin\.m2\repository\commons-io\commons-io\2.7\commons-io-2.7.jar;C:\Users\Admin\.m2\repository\com\beust\jcommander\1.72\jcommander-1.72.jar;C:\Users\Admin\.m2\repository\io\cucumber\cucumber-java\4.2.2\cucumber-java-4.2.2.jar;C:\Users\Admin\.m2\repository\io\cucumber\cucumber-core\4.2.2\cucumber-core-4.2.2.jar;C:\Users\Admin\.m2\repository\io\cucumber\cucumber-html\0.2.7\cucumber-html-0.2.7.jar;C:\Users\Admin\.m2\repository\io\cucumber\tag-expressions\1.1.1\tag-expressions-1.1.1.jar;C:\Users\Admin\.m2\repository\io\cucumber\cucumber-expressions\6.2.0\cucumber-expressions-6.2.0.jar;C:\Users\Admin\.m2\repository\io\cucumber\datatable\1.1.12\datatable-1.1.12.jar;C:\Users\Admin\.m2\repository\io\cucumber\datatable-dependencies\1.1.12\datatable-dependencies-1.1.12.jar;C:\Users\Admin\.m2\repository\io\cucumber\gherkin\5.1.0\gherkin-5.1.0.jar;C:\Users\Admin\.m2\repository\io\cucumber\gherkin-jvm-deps\1.0.4\gherkin-jvm-deps-1.0.4.jar;C:\Users\Admin\.m2\repository\io\cucumber\cucumber-testng\4.2.2\cucumber-testng-4.2.2.jar;C:\Users\Admin\.m2\repository\io\cucumber\cucumber-picocontainer\4.2.2\cucumber-picocontainer-4.2.2.jar;C:\Users\Admin\.m2\repository\org\picocontainer\picocontainer\2.15\picocontainer-2.15.jar;C:\Users\Admin\.m2\repository\net\masterthought\cucumber-reporting\4.4.0\cucumber-reporting-4.4.0.jar;C:\Users\Admin\.m2\repository\com\fasterxml\jackson\core\jackson-databind\2.9.8\jackson-databind-2.9.8.jar;C:\Users\Admin\.m2\repository\com\fasterxml\jackson\core\jackson-annotations\2.9.0\jackson-annotations-2.9.0.jar;C:\Users\Admin\.m2\repository\com\fasterxml\jackson\core\jackson-core\2.9.8\jackson-core-2.9.8.jar;C:\Users\Admin\.m2\repository\org\apache\velocity\velocity\1.7\velocity-1.7.jar;C:\Users\Admin\.m2\repository\commons-collections\commons-collections\3.2.1\commons-collections-3.2.1.jar;C:\Users\Admin\.m2\repository\commons-lang\commons-lang\2.4\commons-lang-2.4.jar;C:\Users\Admin\.m2\repository\velocity-tools\velocity-tools\1.4\velocity-tools-1.4.jar;C:\Users\Admin\.m2\repository\joda-time\joda-time\2.10.1\joda-time-2.10.1.jar;C:\Users\Admin\.m2\repository\org\apache\commons\commons-lang3\3.8.1\commons-lang3-3.8.1.jar;C:\Users\Admin\.m2\repository\org\codehaus\plexus\plexus-utils\3.1.1\plexus-utils-3.1.1.jar;C:\Users\Admin\.m2\repository\org\jsoup\jsoup\1.11.3\jsoup-1.11.3.jar;C:\Users\Admin\.m2\repository\com\googlecode\owasp-java-html-sanitizer\owasp-java-html-sanitizer\20181114.1\owasp-java-html-sanitizer-20181114.1.jar;C:\Users\Admin\.m2\repository\commons-configuration\commons-configuration\1.10\commons-configuration-1.10.jar;C:\Users\Admin\.m2\repository\commons-logging\commons-logging\1.1.1\commons-logging-1.1.1.jar;C:\Users\Admin\.m2\repository\com\aventstack\extentreports\4.0.9\extentreports-4.0.9.jar;C:\Users\Admin\.m2\repository\org\freemarker\freemarker\2.3.23\freemarker-2.3.23.jar;C:\Users\Admin\.m2\repository\org\mongodb\mongodb-driver\3.3.0\mongodb-driver-3.3.0.jar;C:\Users\Admin\.m2\repository\org\mongodb\mongodb-driver-core\3.3.0\mongodb-driver-core-3.3.0.jar;C:\Users\Admin\.m2\repository\org\mongodb\bson\3.3.0\bson-3.3.0.jar;C:\Users\Admin\.m2\repository\org\apache\httpcomponents\httpclient\4.5.2\httpclient-4.5.2.jar;C:\Users\Admin\.m2\repository\org\apache\httpcomponents\httpcore\4.4.4\httpcore-4.4.4.jar;C:\Users\Admin\.m2\repository\org\apache\httpcomponents\httpmime\4.5.2\httpmime-4.5.2.jar;C:\Users\Admin\.m2\repository\com\google\code\gson\gson\2.8.5\gson-2.8.5.jar;C:\Users\Admin\.m2\repository\com\vimalselvam\cucumber-extentsreport\3.1.1\cucumber-extentsreport-3.1.1.jar;"/>
    <property name="sun.cpu.endian" value="little"/>
    <property name="user.home" value="C:\Users\Admin"/>
    <property name="user.language" value="en"/>
    <property name="java.specification.vendor" value="Oracle Corporation"/>
    <property name="java.home" value="C:\Program Files\Java\jdk1.8.0_261\jre"/>
    <property name="basedir" value="C:\Workspace\BDD_Selenium_TestNG_Maven_CucumberReporting"/>
    <property name="file.separator" value="\"/>
    <property name="line.separator" value="&#10;"/>
    <property name="java.vm.specification.vendor" value="Oracle Corporation"/>
    <property name="java.specification.name" value="Java Platform API Specification"/>
    <property name="java.awt.graphicsenv" value="sun.awt.Win32GraphicsEnvironment"/>
    <property name="surefire.real.class.path" value="C:\Users\Admin\AppData\Local\Temp\surefire1731755025690865826\surefirebooter3839386827702919395.jar"/>
    <property name="sun.boot.class.path" value="C:\Program Files\Java\jdk1.8.0_261\jre\lib\resources.jar;C:\Program Files\Java\jdk1.8.0_261\jre\lib\rt.jar;C:\Program Files\Java\jdk1.8.0_261\jre\lib\sunrsasign.jar;C:\Program Files\Java\jdk1.8.0_261\jre\lib\jsse.jar;C:\Program Files\Java\jdk1.8.0_261\jre\lib\jce.jar;C:\Program Files\Java\jdk1.8.0_261\jre\lib\charsets.jar;C:\Program Files\Java\jdk1.8.0_261\jre\lib\jfr.jar;C:\Program Files\Java\jdk1.8.0_261\jre\classes"/>
    <property name="user.script" value=""/>
    <property name="sun.management.compiler" value="HotSpot 64-Bit Tiered Compilers"/>
    <property name="java.runtime.version" value="1.8.0_261-b12"/>
    <property name="user.name" value="Admin"/>
    <property name="path.separator" value=";"/>
    <property name="os.version" value="10.0"/>
    <property name="java.endorsed.dirs" value="C:\Program Files\Java\jdk1.8.0_261\jre\lib\endorsed"/>
    <property name="java.runtime.name" value="Java(TM) SE Runtime Environment"/>
    <property name="file.encoding" value="Cp1252"/>
    <property name="java.vm.name" value="Java HotSpot(TM) 64-Bit Server VM"/>
    <property name="localRepository" value="C:\Users\Admin\.m2\repository"/>
    <property name="java.vendor.url.bug" value="http://bugreport.sun.com/bugreport/"/>
    <property name="java.io.tmpdir" value="C:\Users\Admin\AppData\Local\Temp\"/>
    <property name="java.version" value="1.8.0_261"/>
    <property name="user.dir" value="C:\Workspace\BDD_Selenium_TestNG_Maven_CucumberReporting"/>
    <property name="os.arch" value="amd64"/>
    <property name="java.vm.specification.name" value="Java Virtual Machine Specification"/>
    <property name="java.awt.printerjob" value="sun.awt.windows.WPrinterJob"/>
    <property name="sun.os.patch.level" value=""/>
    <property name="java.library.path" value="C:\Program Files\Java\jdk1.8.0_261\jre\bin;C:\WINDOWS\Sun\Java\bin;C:\WINDOWS\system32;C:\WINDOWS;D:\app\DilipMeghwal\product\12.2.0\dbhome_1\bin;C:\Program Files (x86)\Common Files\Oracle\Java\javapath;C:\WINDOWS\system32;C:\WINDOWS;C:\WINDOWS\System32\Wbem;C:\WINDOWS\System32\WindowsPowerShell\v1.0\;C:\WINDOWS\System32\OpenSSH\;C:\Other Software Files\Maven Installation\apache-maven-3.6.0\bin;C:\Program Files\Microsoft SQL Server\Client SDK\ODBC\130\Tools\Binn\;C:\Program Files (x86)\Microsoft SQL Server\140\Tools\Binn\;C:\Program Files\Microsoft SQL Server\140\Tools\Binn\;C:\Program Files\Microsoft SQL Server\140\DTS\Binn\;C:\Program Files (x86)\Microsoft SQL Server\150\DTS\Binn\;C:\Program Files\dotnet\;C:\Program Files\Microsoft SQL Server\130\Tools\Binn\;C:\Program Files\Microsoft SQL Server\Client SDK\ODBC\170\Tools\Binn\;C:\Program Files\Git\cmd;C:\Program Files\Java\jdk1.8.0_261\bin;C:\Program Files (x86)\nodejs\;C:\Users\Admin\AppData\Local\Programs\Python\Python37\Scripts\;C:\Users\Admin\AppData\Local\Programs\Python\Python37\;C:\Users\Admin\AppData\Local\Microsoft\WindowsApps;C:\Program Files\heroku\bin;C:\Users\Admin\AppData\Roaming\npm;C:\Users\Admin\AppData\Local\Programs\Microsoft VS Code\bin;;."/>
    <property name="java.vm.info" value="mixed mode"/>
    <property name="java.vendor" value="Oracle Corporation"/>
    <property name="java.vm.version" value="25.261-b12"/>
    <property name="java.ext.dirs" value="C:\Program Files\Java\jdk1.8.0_261\jre\lib\ext;C:\WINDOWS\Sun\Java\lib\ext"/>
    <property name="sun.io.unicode.encoding" value="UnicodeLittle"/>
    <property name="java.class.version" value="52.0"/>
  </properties>
  <testcase name="runScenario" classname="com.duke.testRunner.TestRunnerParallelExecution" time="23.124"/>
  <testcase name="runScenario" classname="com.duke.testRunner.TestRunnerParallelExecution" time="23.182"/>
  <testcase name="runScenario" classname="com.duke.testRunner.TestRunnerParallelExecution" time="23.35"/>
  <testcase name="runScenario" classname="com.duke.testRunner.TestRunner" time="14.388"/>
  <testcase name="runScenario" classname="com.duke.testRunner.TestRunner" time="12.469">
    <failure message="Verify user successfully logged out. expected [false] but found [true]" type="java.lang.AssertionError">java.lang.AssertionError: Verify user successfully logged out. expected [false] but found [true]
</failure>
    <system-out><![CDATA[2021-07-06 13:06:33.273 INFO [main] [com.duke.base.BaseClass] [setUp] [com.duke.base.BaseClass.setUp(BaseClass.java:38)] - config file loaded
2021-07-06 13:06:33.275 INFO [main] [com.duke.base.BaseClass] [setUp] [com.duke.base.BaseClass.setUp(BaseClass.java:41)] - OR file loaded
2021-07-06 13:06:35.299 INFO [main] [com.duke.base.BaseClass] [setUp] [com.duke.base.BaseClass.setUp(BaseClass.java:50)] - Chrome launched
2021-07-06 13:06:40.568 DEBUG [main] [com.duke.base.BaseClass] [setUp] [com.duke.base.BaseClass.setUp(BaseClass.java:53)] - URL launched https://parabank.parasoft.com/parabank/index.htm
Key user Value user4
Key username Value john
Key password Value demo
2021-07-06 13:06:45.733 DEBUG [main] [com.duke.base.BaseClass] [tearDown] [com.duke.base.BaseClass.tearDown(BaseClass.java:71)] - driver closed
]]></system-out>
    <system-err><![CDATA[Starting ChromeDriver 91.0.4472.101 (af52a90bf87030dd1523486a1cd3ae25c5d76c9b-refs/branch-heads/4472@{#1462}) on port 5621
Only local connections are allowed.
Please see https://chromedriver.chromium.org/security-considerations for suggestions on keeping ChromeDriver safe.
ChromeDriver was started successfully.
Jul 06, 2021 1:06:35 PM org.openqa.selenium.remote.ProtocolHandshake createSession
INFO: Detected dialect: W3C
]]></system-err>
  </testcase>
</testsuite>